0 info it worked if it ends with ok
1 verbose cli [ '/usr/local/bin/node',
1 verbose cli   '/usr/local/bin/npm',
1 verbose cli   'run',
1 verbose cli   'test_list' ]
2 info using npm@3.10.10
3 info using node@v6.11.4
4 verbose run-script [ 'pretest_list', 'test_list', 'posttest_list' ]
5 info lifecycle atlargeapi@1.0.0~pretest_list: atlargeapi@1.0.0
6 silly lifecycle atlargeapi@1.0.0~pretest_list: no script for pretest_list, continuing
7 info lifecycle atlargeapi@1.0.0~test_list: atlargeapi@1.0.0
8 verbose lifecycle atlargeapi@1.0.0~test_list: unsafe-perm in lifecycle true
9 verbose lifecycle atlargeapi@1.0.0~test_list: PATH: /usr/local/lib/node_modules/npm/bin/node-gyp-bin:/Users/Nikhil/Documents/git/316-project/backend/node_modules/.bin:/usr/local/sbin:/Users/Nikhil/.rvm/gems/ruby-2.1.2/bin:/Users/Nikhil/.rvm/gems/ruby-2.1.2@global/bin:/Users/Nikhil/.rvm/rubies/ruby-2.1.2/bin:/Users/Nikhil/anaconda/bin:/usr/local/bin:/usr/local/bin:/usr/local/bin:/usr/local/bin:/usr/bin:/bin:/usr/sbin:/sbin:/opt/X11/bin:/Library/TeX/texbin:/Users/Nikhil/.rvm/bin
10 verbose lifecycle atlargeapi@1.0.0~test_list: CWD: /Users/Nikhil/Documents/git/316-project/backend
11 silly lifecycle atlargeapi@1.0.0~test_list: Args: [ '-c',
11 silly lifecycle   'babel-node test_team_list.js --presets es2015,stage-2' ]
12 silly lifecycle atlargeapi@1.0.0~test_list: Returned: code: 1  signal: null
13 info lifecycle atlargeapi@1.0.0~test_list: Failed to exec test_list script
14 verbose stack Error: atlargeapi@1.0.0 test_list: `babel-node test_team_list.js --presets es2015,stage-2`
14 verbose stack Exit status 1
14 verbose stack     at EventEmitter.<anonymous> (/usr/local/lib/node_modules/npm/lib/utils/lifecycle.js:255:16)
14 verbose stack     at emitTwo (events.js:106:13)
14 verbose stack     at EventEmitter.emit (events.js:191:7)
14 verbose stack     at ChildProcess.<anonymous> (/usr/local/lib/node_modules/npm/lib/utils/spawn.js:40:14)
14 verbose stack     at emitTwo (events.js:106:13)
14 verbose stack     at ChildProcess.emit (events.js:191:7)
14 verbose stack     at maybeClose (internal/child_process.js:920:16)
14 verbose stack     at Process.ChildProcess._handle.onexit (internal/child_process.js:230:5)
15 verbose pkgid atlargeapi@1.0.0
16 verbose cwd /Users/Nikhil/Documents/git/316-project/backend
17 error Darwin 16.7.0
18 error argv "/usr/local/bin/node" "/usr/local/bin/npm" "run" "test_list"
19 error node v6.11.4
20 error npm  v3.10.10
21 error code ELIFECYCLE
22 error atlargeapi@1.0.0 test_list: `babel-node test_team_list.js --presets es2015,stage-2`
22 error Exit status 1
23 error Failed at the atlargeapi@1.0.0 test_list script 'babel-node test_team_list.js --presets es2015,stage-2'.
23 error Make sure you have the latest version of node.js and npm installed.
23 error If you do, this is most likely a problem with the atlargeapi package,
23 error not with npm itself.
23 error Tell the author that this fails on your system:
23 error     babel-node test_team_list.js --presets es2015,stage-2
23 error You can get information on how to open an issue for this project with:
23 error     npm bugs atlargeapi
23 error Or if that isn't available, you can get their info via:
23 error     npm owner ls atlargeapi
23 error There is likely additional logging output above.
24 verbose exit [ 1, true ]
